
The following files have been resolved:
   org.springframework.boot:spring-boot-starter-thymeleaf:jar:2.4.5:compile
   org.glassfish:jakarta.el:jar:3.0.3:compile
   org.apache.logging.log4j:log4j-to-slf4j:jar:2.13.3:compile
   com.fasterxml.jackson.datatype:jackson-datatype-jdk8:jar:2.11.4:compile
   org.springframework.boot:spring-boot-starter-security:jar:2.4.5:compile
   com.fasterxml.jackson.core:jackson-annotations:jar:2.11.4:compile
   org.apache.logging.log4j:log4j-api:jar:2.13.3:compile
   org.springframework:spring-aop:jar:5.3.6:compile
   org.springframework.boot:spring-boot-starter-logging:jar:2.4.5:compile
   org.springframework.security:spring-security-web:jar:5.4.6:compile
   org.thymeleaf:thymeleaf-spring5:jar:3.0.12.RELEASE:compile
   org.attoparser:attoparser:jar:2.0.5.RELEASE:compile
   org.apache.tomcat.embed:tomcat-embed-websocket:jar:9.0.45:compile
   org.springframework.boot:spring-boot-devtools:jar:2.4.5:runtime
   com.fasterxml.jackson.module:jackson-module-parameter-names:jar:2.11.4:compile
   ch.qos.logback:logback-core:jar:1.2.3:compile
   jakarta.annotation:jakarta.annotation-api:jar:1.3.5:compile
   org.springframework:spring-context:jar:5.3.6:compile
   org.unbescape:unbescape:jar:1.1.6.RELEASE:compile
   org.apache.tomcat.embed:tomcat-embed-core:jar:9.0.45:compile
   org.springframework:spring-webmvc:jar:5.3.6:compile
   com.h2database:h2:jar:1.4.200:runtime
   ch.qos.logback:logback-classic:jar:1.2.3:compile
   org.yaml:snakeyaml:jar:1.27:compile
   com.fasterxml.jackson.datatype:jackson-datatype-jsr310:jar:2.11.4:compile
   org.springframework.boot:spring-boot-starter-json:jar:2.4.5:compile
   com.fasterxml.jackson.core:jackson-core:jar:2.11.4:compile
   org.springframework.boot:spring-boot:jar:2.4.5:compile
   org.springframework.boot:spring-boot-starter:jar:2.4.5:compile
   org.springframework:spring-web:jar:5.3.6:compile
   org.thymeleaf:thymeleaf:jar:3.0.12.RELEASE:compile
   org.slf4j:slf4j-api:jar:1.7.30:compile
   org.springframework:spring-jcl:jar:5.3.6:compile
   org.springframework:spring-beans:jar:5.3.6:compile
   org.springframework.boot:spring-boot-starter-web:jar:2.4.5:compile
   org.springframework.security:spring-security-core:jar:5.4.6:compile
   org.springframework:spring-core:jar:5.3.6:compile
   com.fasterxml.jackson.core:jackson-databind:jar:2.11.4:compile
   org.thymeleaf.extras:thymeleaf-extras-java8time:jar:3.0.4.RELEASE:compile
   org.springframework.boot:spring-boot-starter-tomcat:jar:2.4.5:compile
   org.springframework.boot:spring-boot-autoconfigure:jar:2.4.5:compile
   org.springframework.security:spring-security-config:jar:5.4.6:compile
   org.slf4j:jul-to-slf4j:jar:1.7.30:compile
   org.springframework:spring-expression:jar:5.3.6:compile

